<?xml version="1.0" encoding="UTF-8"?>
<!-- Generated by org.testng.reporters.JUnitReportReporter -->
<testsuite hostname="AbyaanShabeer" failures="0" tests="5" name="test.test2" time="0.007" errors="0" timestamp="26 May 2021 04:09:07 GMT" skipped="1">
  <testcase classname="test.test2" name="test1" time="0.004"/>
  <testcase classname="test.test2" name="test2" time="0.002"/>
  <testcase classname="test.test2" name="test5" time="0.001"/>
  <testcase classname="test.test2" name="test4" time="0.000"/>
  <testcase classname="test.test2" name="test3">
    <skipped/>
  </testcase> <!-- test3 -->
</testsuite> <!-- test.test2 -->
